<?xml version="1.0" encoding="UTF-8"?>
<testng-results skipped="0" failed="0" ignored="0" total="4" passed="4">
  <reporter-output>
  </reporter-output>
  <suite name="Suite" duration-ms="56" started-at="2019-03-03T07:12:20Z" finished-at="2019-03-03T07:12:20Z">
    <groups>
    </groups>
    <test name="Test" duration-ms="56" started-at="2019-03-03T07:12:20Z" finished-at="2019-03-03T07:12:20Z">
      <class name="basicAnnoations.Module2">
        <test-method status="PASS" signature="beforeSuite()[pri:0, instance:basicAnnoations.Module2@643b1d11]" name="beforeSuite" is-config="true" duration-ms="12" started-at="2019-03-03T07:12:20Z" finished-at="2019-03-03T07:12:20Z">
          <reporter-output>
          </reporter-output>
        </test-method> <!-- beforeSuite -->
        <test-method status="PASS" signature="test1()[pri:0, instance:basicAnnoations.Module2@643b1d11]" name="test1" duration-ms="1" started-at="2019-03-03T07:12:20Z" finished-at="2019-03-03T07:12:20Z">
          <reporter-output>
          </reporter-output>
        </test-method> <!-- test1 -->
        <test-method status="PASS" signature="beforeModule()[pri:0, instance:basicAnnoations.Module2@643b1d11]" name="beforeModule" is-config="true" duration-ms="0" started-at="2019-03-03T07:12:20Z" finished-at="2019-03-03T07:12:20Z">
          <reporter-output>
          </reporter-output>
        </test-method> <!-- beforeModule -->
        <test-method status="PASS" signature="beforeTesScript()[pri:0, instance:basicAnnoations.Module2@643b1d11]" name="beforeTesScript" is-config="true" duration-ms="0" started-at="2019-03-03T07:12:20Z" finished-at="2019-03-03T07:12:20Z">
          <reporter-output>
          </reporter-output>
        </test-method> <!-- beforeTesScript -->
        <test-method status="PASS" signature="afterTesScript()[pri:0, instance:basicAnnoations.Module2@643b1d11]" name="afterTesScript" is-config="true" duration-ms="0" started-at="2019-03-03T07:12:20Z" finished-at="2019-03-03T07:12:20Z">
          <reporter-output>
          </reporter-output>
        </test-method> <!-- afterTesScript -->
        <test-method status="PASS" signature="beforeTesScript()[pri:0, instance:basicAnnoations.Module2@643b1d11]" name="beforeTesScript" is-config="true" duration-ms="2" started-at="2019-03-03T07:12:20Z" finished-at="2019-03-03T07:12:20Z">
          <reporter-output>
          </reporter-output>
        </test-method> <!-- beforeTesScript -->
        <test-method status="PASS" signature="test2()[pri:0, instance:basicAnnoations.Module2@643b1d11]" name="test2" duration-ms="2" started-at="2019-03-03T07:12:20Z" finished-at="2019-03-03T07:12:20Z">
          <reporter-output>
          </reporter-output>
        </test-method> <!-- test2 -->
        <test-method status="PASS" signature="afterTesScript()[pri:0, instance:basicAnnoations.Module2@643b1d11]" name="afterTesScript" is-config="true" duration-ms="1" started-at="2019-03-03T07:12:20Z" finished-at="2019-03-03T07:12:20Z">
          <reporter-output>
          </reporter-output>
        </test-method> <!-- afterTesScript -->
        <test-method status="PASS" signature="afterModule()[pri:0, instance:basicAnnoations.Module2@643b1d11]" name="afterModule" is-config="true" duration-ms="0" started-at="2019-03-03T07:12:20Z" finished-at="2019-03-03T07:12:20Z">
          <reporter-output>
          </reporter-output>
        </test-method> <!-- afterModule -->
        <test-method status="PASS" signature="afterSuite()[pri:0, instance:basicAnnoations.Module2@643b1d11]" name="afterSuite" is-config="true" duration-ms="0" started-at="2019-03-03T07:12:20Z" finished-at="2019-03-03T07:12:20Z">
          <reporter-output>
          </reporter-output>
        </test-method> <!-- afterSuite -->
      </class> <!-- basicAnnoations.Module2 -->
      <class name="basicAnnoations.Module1">
        <test-method status="PASS" signature="beforeModule()[pri:0, instance:basicAnnoations.Module1@2ef5e5e3]" name="beforeModule" is-config="true" duration-ms="0" started-at="2019-03-03T07:12:20Z" finished-at="2019-03-03T07:12:20Z">
          <reporter-output>
          </reporter-output>
        </test-method> <!-- beforeModule -->
        <test-method status="PASS" signature="beforeTesScript()[pri:0, instance:basicAnnoations.Module1@2ef5e5e3]" name="beforeTesScript" is-config="true" duration-ms="0" started-at="2019-03-03T07:12:20Z" finished-at="2019-03-03T07:12:20Z">
          <reporter-output>
          </reporter-output>
        </test-method> <!-- beforeTesScript -->
        <test-method status="PASS" signature="test1()[pri:0, instance:basicAnnoations.Module1@2ef5e5e3]" name="test1" duration-ms="7" started-at="2019-03-03T07:12:20Z" finished-at="2019-03-03T07:12:20Z">
          <reporter-output>
          </reporter-output>
        </test-method> <!-- test1 -->
        <test-method status="PASS" signature="afterTesScript()[pri:0, instance:basicAnnoations.Module1@2ef5e5e3]" name="afterTesScript" is-config="true" duration-ms="1" started-at="2019-03-03T07:12:20Z" finished-at="2019-03-03T07:12:20Z">
          <reporter-output>
          </reporter-output>
        </test-method> <!-- afterTesScript -->
        <test-method status="PASS" signature="beforeTesScript()[pri:0, instance:basicAnnoations.Module1@2ef5e5e3]" name="beforeTesScript" is-config="true" duration-ms="1" started-at="2019-03-03T07:12:20Z" finished-at="2019-03-03T07:12:20Z">
          <reporter-output>
          </reporter-output>
        </test-method> <!-- beforeTesScript -->
        <test-method status="PASS" signature="test2()[pri:0, instance:basicAnnoations.Module1@2ef5e5e3]" name="test2" duration-ms="1" started-at="2019-03-03T07:12:20Z" finished-at="2019-03-03T07:12:20Z">
          <reporter-output>
          </reporter-output>
        </test-method> <!-- test2 -->
        <test-method status="PASS" signature="afterTesScript()[pri:0, instance:basicAnnoations.Module1@2ef5e5e3]" name="afterTesScript" is-config="true" duration-ms="1" started-at="2019-03-03T07:12:20Z" finished-at="2019-03-03T07:12:20Z">
          <reporter-output>
          </reporter-output>
        </test-method> <!-- afterTesScript -->
        <test-method status="PASS" signature="afterModule()[pri:0, instance:basicAnnoations.Module1@2ef5e5e3]" name="afterModule" is-config="true" duration-ms="1" started-at="2019-03-03T07:12:20Z" finished-at="2019-03-03T07:12:20Z">
          <reporter-output>
          </reporter-output>
        </test-method> <!-- afterModule -->
      </class> <!-- basicAnnoations.Module1 -->
    </test> <!-- Test -->
  </suite> <!-- Suite -->
</testng-results>
