<?xml version="1.0" encoding="UTF-8"?>
<!-- Generated by org.testng.reporters.JUnitXMLReporter -->
<testsuite hostname="PUN-986J5H2" ignored="0" name="Default test" tests="4" failures="0" timestamp="03 Mar 2019 07:08:53 GMT" time="0.052" errors="0">
  <testcase name="test1" time="0.006" classname="basicAnnoations.Module2"/>
  <testcase name="test2" time="0.003" classname="basicAnnoations.Module2"/>
  <testcase name="test1" time="0.005" classname="basicAnnoations.Module1"/>
  <testcase name="test2" time="0.001" classname="basicAnnoations.Module1"/>
</testsuite> <!-- Default test -->
