<?xml version="1.0" encoding="UTF-8"?>
<!-- Generated by org.testng.reporters.JUnitXMLReporter -->
<testsuite hostname="PUN-986J5H2" ignored="0" name="Test" tests="4" failures="0" timestamp="03 Mar 2019 07:12:20 GMT" time="0.056" errors="0">
  <testcase name="test1" time="0.007" classname="basicAnnoations.Module1"/>
  <testcase name="test2" time="0.001" classname="basicAnnoations.Module1"/>
  <testcase name="test1" time="0.001" classname="basicAnnoations.Module2"/>
  <testcase name="test2" time="0.002" classname="basicAnnoations.Module2"/>
</testsuite> <!-- Test -->
